<?xml version="1.0" encoding="UTF-8"?>
<testsuite name="FileIOTest" tests="2" skipped="0" failures="0" errors="0" timestamp="2020-01-29T21:37:56" hostname="godmaster" time="1.609">
  <properties/>
  <testcase name="load()" classname="FileIOTest" time="1.606"/>
  <testcase name="save()" classname="FileIOTest" time="0.001"/>
  <system-out><![CDATA[]]></system-out>
  <system-err><![CDATA[]]></system-err>
</testsuite>
