<?xml version="1.0" encoding="UTF-8"?>
<testsuite name="FileIOTest" tests="2" skipped="0" failures="0" errors="0" timestamp="2020-01-16T17:38:42" hostname="godmaster" time="0.614">
  <properties/>
  <testcase name="load()" classname="FileIOTest" time="0.61"/>
  <testcase name="save()" classname="FileIOTest" time="0.002"/>
  <system-out><![CDATA[]]></system-out>
  <system-err><![CDATA[]]></system-err>
</testsuite>
